<?xml version="1.0" encoding="UTF-8"?>
<testsuite xmlns:xsi="http://www.w3.org/2001/XMLSchema-instance" xsi:noNamespaceSchemaLocation="https://maven.apache.org/surefire/maven-surefire-plugin/xsd/surefire-test-report.xsd" name="cucumberOptions.TestRunner" time="1.982" tests="5" errors="0" skipped="0" failures="0">
  <properties>
[...]
</properties>
  <testcase name="Home page default login #2" classname="Application Login" time="0.336"/>
  <testcase name="Home page default login #4" classname="Application Login" time="0.072"/>
  <testcase name="Home page default login #5" classname="Application Login" time="0.07"/>
  <testcase name="Home page default login #6" classname="Application Login" time="0.063"/>
  <testcase name="Home page default login #7" classname="Application Login" time="0.064"/>
</testsuite>